AndroidBundleApp/launcher/build/intermediates/manifest_merge_blame_file/debug/manifest-merger-blame-debug-report.txt
1<?xml version="1.0" encoding="utf-8"?>
2<!-- GENERATED BY UNITY. REMOVE THIS COMMENT TO PREVENT OVERWRITING WHEN EXPORTING AGAIN -->
3<manifest xmlns:android="http://schemas.android.com/apk/res/android"
4    package="com.DefaultCompany.AsteroidAvoider"
5    android:installLocation="preferExternal"
6    android:versionCode="1"
7    android:versionName="0.1" >
8
9    <uses-sdk
10        android:minSdkVersion="19"
10-->src\main\AndroidManifest.xml
11        android:targetSdkVersion="29" />
11-->src\main\AndroidManifest.xml
12
13    <supports-screens
13-->src\main\AndroidManifest.xml:4:3-163
14        android:anyDensity="true"
14-->src\main\AndroidManifest.xml:4:135-160
15        android:largeScreens="true"
15-->src\main\AndroidManifest.xml:4:78-105
16        android:normalScreens="true"
16-->src\main\AndroidManifest.xml:4:49-77
17        android:smallScreens="true"
17-->src\main\AndroidManifest.xml:4:21-48
18        android:xlargeScreens="true" />
18-->src\main\AndroidManifest.xml:4:106-134
19
20    <uses-feature android:glEsVersion="0x00030000" />
20-->[:unityLibrary] AndroidManifest.xml:13:5-54
20-->[:unityLibrary] AndroidManifest.xml:13:19-51
21    <uses-feature
21-->[:unityLibrary] AndroidManifest.xml:14:5-16:36
22        android:name="android.hardware.vulkan.version"
22-->[:unityLibrary] AndroidManifest.xml:15:9-55
23        android:required="false" />
23-->[:unityLibrary] AndroidManifest.xml:16:9-33
24
25    <uses-permission android:name="android.permission.INTERNET" />
25-->[:unityLibrary] AndroidManifest.xml:18:5-67
25-->[:unityLibrary] AndroidManifest.xml:18:22-64
26
27    <uses-feature
27-->[:unityLibrary] AndroidManifest.xml:20:5-22:36
28        android:name="android.hardware.touchscreen"
28-->[:unityLibrary] AndroidManifest.xml:21:9-52
29        android:required="false" />
29-->[:unityLibrary] AndroidManifest.xml:22:9-33
30    <uses-feature
30-->[:unityLibrary] AndroidManifest.xml:23:5-25:36
31        android:name="android.hardware.touchscreen.multitouch"
31-->[:unityLibrary] AndroidManifest.xml:24:9-63
32        android:required="false" />
32-->[:unityLibrary] AndroidManifest.xml:25:9-33
33    <uses-feature
33-->[:unityLibrary] AndroidManifest.xml:26:5-28:36
34        android:name="android.hardware.touchscreen.multitouch.distinct"
34-->[:unityLibrary] AndroidManifest.xml:27:9-72
35        android:required="false" />
35-->[:unityLibrary] AndroidManifest.xml:28:9-33
36
37    <uses-permission android:name="android.permission.ACCESS_NETWORK_STATE" />
37-->[:UnityAds:] AndroidManifest.xml:9:5-79
37-->[:UnityAds:] AndroidManifest.xml:9:22-76
38
39    <application
39-->src\main\AndroidManifest.xml:5:3-116
40        android:debuggable="true"
41        android:extractNativeLibs="true"
41-->src\main\AndroidManifest.xml:5:16-48
42        android:icon="@mipmap/app_icon"
42-->src\main\AndroidManifest.xml:5:82-113
43        android:label="@string/app_name" >
43-->src\main\AndroidManifest.xml:5:49-81
44        <activity
44-->[:unityLibrary] AndroidManifest.xml:31:9-47:20
45            android:name="com.unity3d.player.UnityPlayerActivity"
45-->[:unityLibrary] AndroidManifest.xml:32:13-66
46            android:configChanges="mcc|mnc|locale|touchscreen|keyboard|keyboardHidden|navigation|orientation|screenLayout|uiMode|screenSize|smallestScreenSize|fontScale|layoutDirection|density"
46-->[:unityLibrary] AndroidManifest.xml:33:13-194
47            android:hardwareAccelerated="false"
47-->[:unityLibrary] AndroidManifest.xml:34:13-48
48            android:launchMode="singleTask"
48-->[:unityLibrary] AndroidManifest.xml:35:13-44
49            android:screenOrientation="sensorLandscape"
49-->[:unityLibrary] AndroidManifest.xml:36:13-56
50            android:theme="@style/UnityThemeSelector" >
50-->[:unityLibrary] AndroidManifest.xml:37:13-54
51            <intent-filter>
51-->[:unityLibrary] AndroidManifest.xml:38:13-42:29
52                <action android:name="android.intent.action.MAIN" />
52-->[:unityLibrary] AndroidManifest.xml:39:17-69
52-->[:unityLibrary] AndroidManifest.xml:39:25-66
53
54                <category android:name="android.intent.category.LAUNCHER" />
54-->[:unityLibrary] AndroidManifest.xml:41:17-77
54-->[:unityLibrary] AndroidManifest.xml:41:27-74
55            </intent-filter>
56
57            <meta-data
57-->[:unityLibrary] AndroidManifest.xml:44:13-46:40
58                android:name="unityplayer.UnityActivity"
58-->[:unityLibrary] AndroidManifest.xml:45:17-57
59                android:value="true" />
59-->[:unityLibrary] AndroidManifest.xml:46:17-37
60        </activity>
61
62        <meta-data
62-->[:unityLibrary] AndroidManifest.xml:49:9-51:33
63            android:name="unity.splash-mode"
63-->[:unityLibrary] AndroidManifest.xml:50:13-45
64            android:value="0" />
64-->[:unityLibrary] AndroidManifest.xml:51:13-30
65        <meta-data
65-->[:unityLibrary] AndroidManifest.xml:52:9-54:36
66            android:name="unity.splash-enable"
66-->[:unityLibrary] AndroidManifest.xml:53:13-47
67            android:value="True" />
67-->[:unityLibrary] AndroidManifest.xml:54:13-33
68        <meta-data
68-->[:unityLibrary] AndroidManifest.xml:55:9-57:68
69            android:name="unity.build-id"
69-->[:unityLibrary] AndroidManifest.xml:56:13-42
70            android:value="0309f252-7cd0-41b2-b835-73547eb8df00" />
70-->[:unityLibrary] AndroidManifest.xml:57:13-65
71
72        <activity
72-->[:UnityAds:] AndroidManifest.xml:13:9-17:74
73            android:name="com.unity3d.services.ads.adunit.AdUnitActivity"
73-->[:UnityAds:] AndroidManifest.xml:14:13-74
74            android:configChanges="fontScale|keyboard|keyboardHidden|locale|mnc|mcc|navigation|orientation|screenLayout|screenSize|smallestScreenSize|uiMode|touchscreen"
74-->[:UnityAds:] AndroidManifest.xml:15:13-170
75            android:hardwareAccelerated="true"
75-->[:UnityAds:] AndroidManifest.xml:16:13-47
76            android:theme="@android:style/Theme.NoTitleBar.Fullscreen" />
76-->[:UnityAds:] AndroidManifest.xml:17:13-71
77        <activity
77-->[:UnityAds:] AndroidManifest.xml:18:9-22:86
78            android:name="com.unity3d.services.ads.adunit.AdUnitTransparentActivity"
78-->[:UnityAds:] AndroidManifest.xml:19:13-85
79            android:configChanges="fontScale|keyboard|keyboardHidden|locale|mnc|mcc|navigation|orientation|screenLayout|screenSize|smallestScreenSize|uiMode|touchscreen"
79-->[:UnityAds:] AndroidManifest.xml:20:13-170
80            android:hardwareAccelerated="true"
80-->[:UnityAds:] AndroidManifest.xml:21:13-47
81            android:theme="@android:style/Theme.Translucent.NoTitleBar.Fullscreen" />
81-->[:UnityAds:] AndroidManifest.xml:22:13-83
82        <activity
82-->[:UnityAds:] AndroidManifest.xml:23:9-27:86
83            android:name="com.unity3d.services.ads.adunit.AdUnitTransparentSoftwareActivity"
83-->[:UnityAds:] AndroidManifest.xml:24:13-93
84            android:configChanges="fontScale|keyboard|keyboardHidden|locale|mnc|mcc|navigation|orientation|screenLayout|screenSize|smallestScreenSize|uiMode|touchscreen"
84-->[:UnityAds:] AndroidManifest.xml:25:13-170
85            android:hardwareAccelerated="false"
85-->[:UnityAds:] AndroidManifest.xml:26:13-48
86            android:theme="@android:style/Theme.Translucent.NoTitleBar.Fullscreen" />
86-->[:UnityAds:] AndroidManifest.xml:27:13-83
87        <activity
87-->[:UnityAds:] AndroidManifest.xml:28:9-32:74
88            android:name="com.unity3d.services.ads.adunit.AdUnitSoftwareActivity"
88-->[:UnityAds:] AndroidManifest.xml:29:13-82
89            android:configChanges="fontScale|keyboard|keyboardHidden|locale|mnc|mcc|navigation|orientation|screenLayout|screenSize|smallestScreenSize|uiMode|touchscreen"
89-->[:UnityAds:] AndroidManifest.xml:30:13-170
90            android:hardwareAccelerated="false"
90-->[:UnityAds:] AndroidManifest.xml:31:13-48
91            android:theme="@android:style/Theme.NoTitleBar.Fullscreen" />
91-->[:UnityAds:] AndroidManifest.xml:32:13-71
92    </application>
93
94</manifest>